TN:
SF:src\app.ts
FN:20,buildApp
FN:39,(anonymous_1)
FN:46,(anonymous_2)
FN:49,(anonymous_3)
FNF:4
FNH:4
FNDA:1,buildApp
FNDA:114,(anonymous_1)
FNDA:114,(anonymous_2)
FNDA:97,(anonymous_3)
DA:18,1
DA:21,1
DA:25,1
DA:30,1
DA:35,1
DA:39,1
DA:40,114
DA:49,1
DA:50,97
DA:53,1
DA:54,1
DA:55,1
DA:56,1
DA:57,1
DA:58,1
DA:59,1
DA:60,1
DA:61,1
DA:62,1
DA:64,1
LF:20
LH:20
BRF:0
BRH:0
end_of_record
TN:
SF:src\server.ts
FN:15,start
FN:55,(anonymous_1)
FN:64,(anonymous_2)
FNF:3
FNH:0
FNDA:0,start
FNDA:0,(anonymous_1)
FNDA:0,(anonymous_2)
DA:12,0
DA:13,0
DA:16,0
DA:17,0
DA:18,0
DA:20,0
DA:21,0
DA:23,0
DA:26,0
DA:27,0
DA:28,0
DA:29,0
DA:32,0
DA:33,0
DA:35,0
DA:36,0
DA:38,0
DA:41,0
DA:43,0
DA:48,0
DA:50,0
DA:51,0
DA:55,0
DA:56,0
DA:57,0
DA:58,0
DA:59,0
DA:60,0
DA:61,0
DA:64,0
DA:65,0
DA:66,0
DA:67,0
DA:68,0
DA:69,0
DA:70,0
DA:73,0
LF:37
LH:0
BRDA:26,0,0,0
BRDA:26,0,1,0
BRF:2
BRH:0
end_of_record
TN:
SF:src\test-helper.ts
FN:8,setupTestApp
FN:17,teardownTestApp
FNF:2
FNH:0
FNDA:0,setupTestApp
FNDA:0,teardownTestApp
DA:9,0
DA:10,0
DA:12,0
DA:13,0
DA:14,0
DA:18,0
DA:19,0
LF:7
LH:0
BRDA:9,0,0,0
BRDA:9,0,1,0
BRDA:18,1,0,0
BRDA:18,1,1,0
BRF:4
BRH:0
end_of_record
TN:
SF:src\config\env.ts
FNF:0
FNH:0
DA:4,1
DA:6,1
DA:26,1
LF:3
LH:3
BRF:0
BRH:0
end_of_record
TN:
SF:src\config\logger.ts
FNF:0
FNH:0
DA:4,1
LF:1
LH:1
BRDA:6,0,0,0
BRDA:6,0,1,1
BRDA:7,1,0,1
BRDA:7,1,1,0
BRF:4
BRH:2
end_of_record
TN:
SF:src\config\redis.ts
FN:8,createRedisClient
FN:15,retryStrategy
FN:24,(anonymous_2)
FN:29,(anonymous_3)
FN:36,isRedisAvailable
FNF:5
FNH:2
FNDA:1,createRedisClient
FNDA:0,retryStrategy
FNDA:0,(anonymous_2)
FNDA:0,(anonymous_3)
FNDA:2,isRedisAvailable
DA:6,1
DA:9,1
DA:16,0
DA:17,0
DA:18,0
DA:20,0
DA:24,1
DA:25,0
DA:26,0
DA:29,1
DA:31,1
DA:34,1
DA:37,2
LF:13
LH:7
BRDA:16,0,0,0
BRDA:16,0,1,0
BRF:2
BRH:0
end_of_record
TN:
SF:src\database\datasource.ts
FNF:0
FNH:0
DA:16,1
LF:1
LH:1
BRF:0
BRH:0
end_of_record
TN:
SF:src\database\sync.ts
FN:5,syncDatabase
FNF:1
FNH:0
FNDA:0,syncDatabase
DA:6,0
DA:7,0
DA:8,0
DA:9,0
DA:10,0
DA:11,0
DA:13,0
DA:14,0
DA:18,0
LF:9
LH:0
BRF:0
BRH:0
end_of_record
TN:
SF:src\middleware\api-key.middleware.ts
FN:11,apiKeyAuth
FNF:1
FNH:0
FNDA:0,apiKeyAuth
DA:4,1
DA:12,0
DA:14,0
DA:15,0
DA:18,0
DA:20,0
DA:21,0
DA:24,0
DA:25,0
LF:9
LH:1
BRDA:12,0,0,0
BRDA:12,0,1,0
BRDA:14,1,0,0
BRDA:14,1,1,0
BRDA:20,2,0,0
BRDA:20,2,1,0
BRF:6
BRH:0
end_of_record
TN:
SF:src\modules\ai\ai.service.ts
FN:18,constructor
FN:23,chat
FN:42,summarizeText
FN:61,classifyText
FN:80,processText
FN:96,sendToAiService
FNF:6
FNH:1
FNDA:1,constructor
FNDA:0,chat
FNDA:0,summarizeText
FNDA:0,classifyText
FNDA:0,processText
FNDA:0,sendToAiService
DA:19,1
DA:20,1
DA:24,0
DA:29,0
DA:39,0
DA:43,0
DA:48,0
DA:58,0
DA:62,0
DA:67,0
DA:77,0
DA:81,0
DA:83,0
DA:93,0
DA:97,0
DA:98,0
DA:105,0
DA:106,0
DA:109,0
DA:110,0
DA:112,0
DA:114,0
LF:22
LH:2
BRDA:20,0,0,1
BRDA:20,0,1,1
BRDA:26,1,0,0
BRDA:26,1,1,0
BRDA:35,2,0,0
BRDA:35,2,1,0
BRDA:45,3,0,0
BRDA:45,3,1,0
BRDA:54,4,0,0
BRDA:54,4,1,0
BRDA:73,5,0,0
BRDA:73,5,1,0
BRDA:89,6,0,0
BRDA:89,6,1,0
BRDA:105,7,0,0
BRDA:105,7,1,0
BRF:16
BRH:2
end_of_record
TN:
SF:src\modules\api\health.service.ts
FN:8,getHealth
FN:24,getStats
FN:61,(anonymous_2)
FN:75,getMetrics
FNF:4
FNH:2
FNDA:1,getHealth
FNDA:0,getStats
FNDA:0,(anonymous_2)
FNDA:1,getMetrics
DA:5,1
DA:9,1
DA:10,1
DA:12,1
DA:25,0
DA:31,0
DA:32,0
DA:33,0
DA:34,0
DA:35,0
DA:37,0
DA:41,0
DA:42,0
DA:44,0
DA:48,0
DA:52,0
DA:57,0
DA:61,0
DA:76,1
LF:19
LH:5
BRDA:13,0,0,0
BRDA:13,0,1,1
BRDA:17,1,0,0
BRDA:17,1,1,1
BRDA:18,2,0,0
BRDA:18,2,1,1
BRDA:19,3,0,0
BRDA:19,3,1,1
BRDA:88,4,0,0
BRDA:88,4,1,1
BRDA:89,5,0,0
BRDA:89,5,1,1
BRF:12
BRH:6
end_of_record
TN:
SF:src\modules\auth\auth.service.ts
FN:11,constructor
FN:16,registerApplication
FN:21,generateApiKey
FN:33,validateApiKey
FN:48,revokeApiKey
FN:52,listApplications
FNF:6
FNH:1
FNDA:2,constructor
FNDA:0,registerApplication
FNDA:0,generateApiKey
FNDA:0,validateApiKey
FNDA:0,revokeApiKey
FNDA:0,listApplications
DA:12,2
DA:13,2
DA:17,0
DA:18,0
DA:22,0
DA:23,0
DA:29,0
DA:30,0
DA:34,0
DA:39,0
DA:41,0
DA:43,0
DA:45,0
DA:49,0
DA:53,0
LF:15
LH:2
BRDA:21,0,0,0
BRDA:39,1,0,0
BRDA:39,1,1,0
BRDA:41,2,0,0
BRDA:41,2,1,0
BRDA:41,3,0,0
BRDA:41,3,1,0
BRF:7
BRH:0
end_of_record
TN:
SF:src\modules\email\email.service.ts
FN:14,constructor
FN:20,initTransporter
FN:36,sendEmail
FN:72,renderTemplate
FN:88,createTemplate
FN:93,updateEmailStatus
FNF:6
FNH:2
FNDA:2,constructor
FNDA:2,initTransporter
FNDA:0,sendEmail
FNDA:0,renderTemplate
FNDA:0,createTemplate
FNDA:0,updateEmailStatus
DA:12,2
DA:15,2
DA:16,2
DA:17,2
DA:21,2
DA:22,2
DA:23,2
DA:25,0
DA:37,0
DA:44,0
DA:46,0
DA:47,0
DA:48,0
DA:54,0
DA:55,0
DA:56,0
DA:58,0
DA:59,0
DA:60,0
DA:62,0
DA:64,0
DA:65,0
DA:66,0
DA:69,0
DA:73,0
DA:74,0
DA:76,0
DA:77,0
DA:79,0
DA:80,0
DA:81,0
DA:82,0
DA:85,0
DA:89,0
DA:90,0
DA:94,0
DA:95,0
DA:96,0
DA:97,0
LF:39
LH:7
BRDA:21,0,0,2
BRDA:21,0,1,0
BRDA:46,1,0,0
BRDA:46,1,1,0
BRDA:49,2,0,0
BRDA:49,2,1,0
BRDA:74,3,0,0
BRDA:74,3,1,0
BRDA:77,4,0,0
BRDA:77,4,1,0
BRDA:95,5,0,0
BRDA:95,5,1,0
BRDA:96,6,0,0
BRDA:96,6,1,0
BRF:14
BRH:1
end_of_record
TN:
SF:src\modules\logging\logging.service.ts
FN:11,constructor
FN:16,systemLog
FN:21,apiLog
FN:38,getSystemLogs
FN:51,getApiLogs
FNF:5
FNH:5
FNDA:7,constructor
FNDA:1,systemLog
FNDA:116,apiLog
FNDA:1,getSystemLogs
FNDA:1,getApiLogs
DA:12,7
DA:13,7
DA:17,1
DA:18,1
DA:29,116
DA:31,116
DA:32,1
DA:35,2
DA:39,1
DA:40,1
DA:42,1
DA:48,1
DA:52,1
DA:57,1
LF:14
LH:14
BRDA:31,0,0,1
BRDA:31,0,1,115
BRDA:38,1,0,1
BRDA:38,2,0,1
BRDA:40,3,0,1
BRDA:40,3,1,0
BRDA:51,4,0,1
BRDA:51,5,0,1
BRF:8
BRH:7
end_of_record
TN:
SF:src\modules\notification\notification.service.ts
FN:13,constructor
FN:19,send
FN:38,dispatch
FN:46,updateStatus
FNF:4
FNH:1
FNDA:1,constructor
FNDA:0,send
FNDA:0,dispatch
FNDA:0,updateStatus
DA:14,1
DA:15,1
DA:16,1
DA:26,0
DA:34,0
DA:35,0
DA:39,0
DA:40,0
DA:41,0
DA:42,0
DA:47,0
DA:48,0
DA:49,0
DA:50,0
LF:14
LH:3
BRDA:39,0,0,0
BRDA:39,0,1,0
BRDA:41,1,0,0
BRDA:41,1,1,0
BRDA:48,2,0,0
BRDA:48,2,1,0
BRF:6
BRH:0
end_of_record
TN:
SF:src\modules\queue\queue.manager.ts
FN:5,(anonymous_0)
FN:51,init
FN:54,(anonymous_2)
FN:65,getQueue
FN:71,addJob
FN:78,registerWorker
FN:81,(anonymous_6)
FN:85,(anonymous_7)
FN:94,closeAll
FNF:9
FNH:1
FNDA:1,(anonymous_0)
FNDA:0,init
FNDA:0,(anonymous_2)
FNDA:0,getQueue
FNDA:0,addJob
FNDA:0,registerWorker
FNDA:0,(anonymous_6)
FNDA:0,(anonymous_7)
FNDA:0,closeAll
DA:5,1
DA:6,1
DA:7,1
DA:8,1
DA:9,1
DA:10,1
DA:18,1
DA:41,1
DA:47,1
DA:48,1
DA:49,1
DA:52,0
DA:53,0
DA:54,0
DA:55,0
DA:56,0
DA:57,0
DA:59,0
DA:61,0
DA:66,0
DA:67,0
DA:68,0
DA:72,0
DA:73,0
DA:74,0
DA:75,0
DA:79,0
DA:81,0
DA:82,0
DA:85,0
DA:86,0
DA:89,0
DA:90,0
DA:91,0
DA:95,0
DA:96,0
DA:97,0
DA:99,0
DA:100,0
DA:101,0
DA:106,1
LF:41
LH:12
BRDA:52,0,0,0
BRDA:52,0,1,0
BRDA:67,1,0,0
BRDA:67,1,1,0
BRDA:78,2,0,0
BRF:5
BRH:0
end_of_record
TN:
SF:src\modules\recommendation\recommendation.service.ts
FN:35,recommend
FN:40,(anonymous_1)
FN:65,getHistory
FN:79,getDefaultSuggestions
FNF:4
FNH:3
FNDA:7,recommend
FNDA:74,(anonymous_1)
FNDA:0,getHistory
FNDA:1,getDefaultSuggestions
DA:12,8
DA:36,7
DA:39,7
DA:40,74
DA:41,16
DA:42,6
DA:43,6
DA:47,7
DA:51,7
DA:52,7
DA:61,7
DA:62,7
DA:66,0
DA:67,0
DA:68,0
DA:70,0
DA:76,0
DA:80,1
LF:18
LH:13
BRDA:41,0,0,6
BRDA:41,0,1,10
BRDA:47,1,0,6
BRDA:47,1,1,1
BRDA:55,2,0,7
BRDA:55,2,1,7
BRDA:65,3,0,0
BRDA:65,4,0,0
BRDA:68,5,0,0
BRDA:68,5,1,0
BRF:10
BRH:6
end_of_record
TN:
SF:src\modules\scheduler\scheduler.service.ts
FN:12,constructor
FN:16,loadSchedules
FN:24,startSchedule
FN:30,(anonymous_3)
FN:59,stopSchedule
FN:68,createSchedule
FN:75,stopAll
FNF:7
FNH:1
FNDA:1,constructor
FNDA:0,loadSchedules
FNDA:0,startSchedule
FNDA:0,(anonymous_3)
FNDA:0,stopSchedule
FNDA:0,createSchedule
FNDA:0,stopAll
DA:10,1
DA:13,1
DA:17,0
DA:18,0
DA:19,0
DA:21,0
DA:25,0
DA:26,0
DA:27,0
DA:30,0
DA:31,0
DA:32,0
DA:34,0
DA:42,0
DA:43,0
DA:48,0
DA:49,0
DA:51,0
DA:55,0
DA:56,0
DA:60,0
DA:61,0
DA:62,0
DA:63,0
DA:64,0
DA:69,0
DA:70,0
DA:71,0
DA:72,0
DA:76,0
DA:77,0
DA:79,0
DA:80,0
LF:33
LH:2
BRDA:25,0,0,0
BRDA:25,0,1,0
BRDA:42,1,0,0
BRDA:42,1,1,0
BRDA:45,2,0,0
BRDA:45,2,1,0
BRDA:61,3,0,0
BRDA:61,3,1,0
BRF:8
BRH:0
end_of_record
TN:
SF:src\modules\webhook\webhook.service.ts
FN:10,constructor
FN:14,receive
FN:55,listWebhooks
FNF:3
FNH:1
FNDA:1,constructor
FNDA:0,receive
FNDA:0,listWebhooks
DA:11,1
DA:15,0
DA:22,0
DA:24,0
DA:25,0
DA:33,0
DA:34,0
DA:41,0
DA:42,0
DA:43,0
DA:45,0
DA:47,0
DA:48,0
DA:49,0
DA:52,0
DA:56,0
DA:61,0
LF:17
LH:1
BRDA:33,0,0,0
BRDA:33,0,1,0
BRDA:55,1,0,0
BRDA:55,2,0,0
BRF:4
BRH:0
end_of_record
TN:
SF:src\modules\whatsapp\whatsapp.service.ts
FN:12,constructor
FN:16,initialize
FN:39,(anonymous_2)
FN:41,(anonymous_3)
FN:44,(anonymous_4)
FN:49,(anonymous_5)
FN:54,(anonymous_6)
FN:58,(anonymous_7)
FN:69,sendMessage
FN:95,getStatus
FN:99,updateMessageStatus
FN:106,logout
FNF:12
FNH:2
FNDA:3,constructor
FNDA:0,initialize
FNDA:0,(anonymous_2)
FNDA:0,(anonymous_3)
FNDA:0,(anonymous_4)
FNDA:0,(anonymous_5)
FNDA:0,(anonymous_6)
FNDA:0,(anonymous_7)
FNDA:0,sendMessage
FNDA:1,getStatus
FNDA:0,updateMessageStatus
FNDA:0,logout
DA:9,3
DA:10,3
DA:13,3
DA:17,0
DA:18,0
DA:19,0
DA:22,0
DA:23,0
DA:24,0
DA:26,0
DA:27,0
DA:28,0
DA:31,0
DA:39,0
DA:40,0
DA:41,0
DA:42,0
DA:43,0
DA:45,0
DA:49,0
DA:50,0
DA:51,0
DA:54,0
DA:55,0
DA:58,0
DA:59,0
DA:60,0
DA:63,0
DA:65,0
DA:70,0
DA:75,0
DA:77,0
DA:78,0
DA:79,0
DA:80,0
DA:81,0
DA:82,0
DA:83,0
DA:85,0
DA:86,0
DA:87,0
DA:88,0
DA:92,0
DA:96,1
DA:100,0
DA:101,0
DA:102,0
DA:103,0
DA:107,0
DA:108,0
DA:109,0
DA:110,0
LF:52
LH:4
BRDA:19,0,0,0
BRDA:19,0,1,0
BRDA:23,1,0,0
BRDA:23,1,1,0
BRDA:26,2,0,0
BRDA:26,2,1,0
BRDA:42,3,0,0
BRDA:42,3,1,0
BRDA:77,4,0,0
BRDA:77,4,1,0
BRDA:77,5,0,0
BRDA:77,5,1,0
BRDA:79,6,0,0
BRDA:79,6,1,0
BRDA:101,7,0,0
BRDA:101,7,1,0
BRDA:102,8,0,0
BRDA:102,8,1,0
BRDA:107,9,0,0
BRDA:107,9,1,0
BRF:20
BRH:0
end_of_record
TN:
SF:src\routes\ai.routes.ts
FN:7,aiRoutes
FN:8,(anonymous_1)
FN:16,(anonymous_2)
FN:24,(anonymous_3)
FN:32,(anonymous_4)
FNF:5
FNH:1
FNDA:1,aiRoutes
FNDA:0,(anonymous_1)
FNDA:0,(anonymous_2)
FNDA:0,(anonymous_3)
FNDA:0,(anonymous_4)
DA:5,1
DA:8,1
DA:9,0
DA:10,0
DA:12,0
DA:13,0
DA:16,1
DA:17,0
DA:18,0
DA:20,0
DA:21,0
DA:24,1
DA:25,0
DA:26,0
DA:28,0
DA:29,0
DA:32,1
DA:33,0
DA:34,0
DA:36,0
DA:37,0
LF:21
LH:5
BRDA:10,0,0,0
BRDA:10,0,1,0
BRDA:18,1,0,0
BRDA:18,1,1,0
BRDA:26,2,0,0
BRDA:26,2,1,0
BRDA:28,3,0,0
BRDA:28,3,1,0
BRDA:34,4,0,0
BRDA:34,4,1,0
BRDA:34,5,0,0
BRDA:34,5,1,0
BRF:12
BRH:0
end_of_record
TN:
SF:src\routes\auth.routes.ts
FN:6,authRoutes
FN:7,(anonymous_1)
FN:15,(anonymous_2)
FN:29,(anonymous_3)
FNF:4
FNH:2
FNDA:1,authRoutes
FNDA:1,(anonymous_1)
FNDA:0,(anonymous_2)
FNDA:0,(anonymous_3)
DA:4,1
DA:7,1
DA:8,1
DA:9,1
DA:11,0
DA:12,0
DA:15,1
DA:16,0
DA:21,0
DA:22,0
DA:25,0
DA:26,0
DA:29,1
DA:30,0
DA:31,0
LF:15
LH:6
BRDA:9,0,0,1
BRDA:9,0,1,0
BRDA:21,1,0,0
BRDA:21,1,1,0
BRDA:21,2,0,0
BRDA:21,2,1,0
BRF:6
BRH:1
end_of_record
TN:
SF:src\routes\email.routes.ts
FN:8,emailRoutes
FN:9,(anonymous_1)
FN:45,(anonymous_2)
FNF:3
FNH:1
FNDA:1,emailRoutes
FNDA:0,(anonymous_1)
FNDA:0,(anonymous_2)
DA:6,1
DA:9,1
DA:10,0
DA:18,0
DA:20,0
DA:21,0
DA:23,0
DA:24,0
DA:25,0
DA:26,0
DA:29,0
DA:31,0
DA:33,0
DA:34,0
DA:42,0
DA:45,1
DA:46,0
DA:52,0
DA:54,0
DA:55,0
LF:20
LH:3
BRDA:18,0,0,0
BRDA:18,0,1,0
BRDA:20,1,0,0
BRDA:20,1,1,0
BRDA:21,2,0,0
BRDA:21,2,1,0
BRDA:23,3,0,0
BRDA:23,3,1,0
BRDA:23,4,0,0
BRDA:23,4,1,0
BRDA:29,5,0,0
BRDA:29,5,1,0
BRDA:33,6,0,0
BRDA:33,6,1,0
BRDA:52,7,0,0
BRDA:52,7,1,0
BRDA:52,8,0,0
BRDA:52,8,1,0
BRDA:52,8,2,0
BRF:19
BRH:0
end_of_record
TN:
SF:src\routes\health.routes.ts
FN:6,healthRoutes
FN:7,(anonymous_1)
FN:11,(anonymous_2)
FN:15,(anonymous_3)
FNF:4
FNH:3
FNDA:1,healthRoutes
FNDA:1,(anonymous_1)
FNDA:1,(anonymous_2)
FNDA:0,(anonymous_3)
DA:4,1
DA:7,1
DA:8,1
DA:11,1
DA:12,1
DA:15,1
DA:16,0
LF:7
LH:6
BRF:0
BRH:0
end_of_record
TN:
SF:src\routes\notification.routes.ts
FN:8,notificationRoutes
FN:9,(anonymous_1)
FNF:2
FNH:1
FNDA:1,notificationRoutes
FNDA:0,(anonymous_1)
DA:6,1
DA:9,1
DA:10,0
DA:17,0
DA:18,0
DA:21,0
DA:22,0
DA:23,0
DA:26,0
DA:28,0
DA:36,0
LF:11
LH:2
BRDA:17,0,0,0
BRDA:17,0,1,0
BRDA:17,1,0,0
BRDA:17,1,1,0
BRDA:17,1,2,0
BRDA:17,1,3,0
BRDA:22,2,0,0
BRDA:22,2,1,0
BRF:8
BRH:0
end_of_record
TN:
SF:src\routes\recommendation.routes.ts
FN:7,recommendationRoutes
FN:8,(anonymous_1)
FN:16,(anonymous_2)
FNF:3
FNH:1
FNDA:1,recommendationRoutes
FNDA:0,(anonymous_1)
FNDA:0,(anonymous_2)
DA:5,1
DA:8,1
DA:9,0
DA:10,0
DA:12,0
DA:13,0
DA:16,1
DA:17,0
DA:18,0
DA:23,0
LF:10
LH:3
BRDA:10,0,0,0
BRDA:10,0,1,0
BRDA:20,1,0,0
BRDA:20,1,1,0
BRDA:21,2,0,0
BRDA:21,2,1,0
BRF:6
BRH:0
end_of_record
TN:
SF:src\routes\scheduler.routes.ts
FN:7,schedulerRoutes
FN:8,(anonymous_1)
FNF:2
FNH:1
FNDA:1,schedulerRoutes
FNDA:0,(anonymous_1)
DA:5,1
DA:8,1
DA:9,0
DA:16,0
DA:17,0
DA:20,0
DA:21,0
LF:7
LH:2
BRDA:16,0,0,0
BRDA:16,0,1,0
BRDA:16,1,0,0
BRDA:16,1,1,0
BRDA:16,1,2,0
BRF:5
BRH:0
end_of_record
TN:
SF:src\routes\system.routes.ts
FN:7,systemRoutes
FN:8,(anonymous_1)
FN:18,(anonymous_2)
FNF:3
FNH:1
FNDA:1,systemRoutes
FNDA:0,(anonymous_1)
FNDA:0,(anonymous_2)
DA:5,1
DA:8,1
DA:9,0
DA:10,0
DA:15,0
DA:18,1
DA:19,0
DA:20,0
DA:24,0
LF:9
LH:3
BRDA:11,0,0,0
BRDA:11,0,1,0
BRDA:12,1,0,0
BRDA:12,1,1,0
BRDA:21,2,0,0
BRDA:21,2,1,0
BRDA:22,3,0,0
BRDA:22,3,1,0
BRF:8
BRH:0
end_of_record
TN:
SF:src\routes\webhook.routes.ts
FN:7,webhookRoutes
FN:8,(anonymous_1)
FN:23,(anonymous_2)
FNF:3
FNH:1
FNDA:1,webhookRoutes
FNDA:0,(anonymous_1)
FNDA:0,(anonymous_2)
DA:5,1
DA:8,1
DA:9,0
DA:15,0
DA:16,0
DA:19,0
DA:20,0
DA:23,1
DA:24,0
DA:25,0
DA:29,0
LF:11
LH:3
BRDA:15,0,0,0
BRDA:15,0,1,0
BRDA:15,1,0,0
BRDA:15,1,1,0
BRDA:19,2,0,0
BRDA:19,2,1,0
BRDA:26,3,0,0
BRDA:26,3,1,0
BRDA:27,4,0,0
BRDA:27,4,1,0
BRF:10
BRH:0
end_of_record
TN:
SF:src\routes\whatsapp.routes.ts
FN:8,whatsappRoutes
FN:9,(anonymous_1)
FN:14,(anonymous_2)
FN:31,(anonymous_3)
FNF:4
FNH:1
FNDA:1,whatsappRoutes
FNDA:0,(anonymous_1)
FNDA:0,(anonymous_2)
FNDA:0,(anonymous_3)
DA:6,1
DA:9,1
DA:10,0
DA:11,0
DA:14,1
DA:15,0
DA:16,0
DA:18,0
DA:20,0
DA:21,0
DA:28,0
DA:31,1
DA:32,0
DA:33,0
LF:14
LH:4
BRDA:16,0,0,0
BRDA:16,0,1,0
BRDA:16,1,0,0
BRDA:16,1,1,0
BRDA:20,2,0,0
BRDA:20,2,1,0
BRF:6
BRH:0
end_of_record
TN:
SF:src\workers\workers.ts
FN:14,registerAllWorkers
FN:15,(anonymous_1)
FN:28,(anonymous_2)
FN:41,(anonymous_3)
FN:54,(anonymous_4)
FN:59,(anonymous_5)
FNF:6
FNH:0
FNDA:0,registerAllWorkers
FNDA:0,(anonymous_1)
FNDA:0,(anonymous_2)
FNDA:0,(anonymous_3)
FNDA:0,(anonymous_4)
FNDA:0,(anonymous_5)
DA:9,0
DA:10,0
DA:11,0
DA:12,0
DA:15,0
DA:16,0
DA:17,0
DA:18,0
DA:19,0
DA:20,0
DA:22,0
DA:23,0
DA:24,0
DA:28,0
DA:29,0
DA:30,0
DA:31,0
DA:32,0
DA:33,0
DA:35,0
DA:36,0
DA:37,0
DA:41,0
DA:42,0
DA:43,0
DA:44,0
DA:45,0
DA:46,0
DA:48,0
DA:49,0
DA:50,0
DA:54,0
DA:55,0
DA:56,0
DA:59,0
DA:60,0
DA:61,0
DA:64,0
LF:38
LH:0
BRF:0
BRH:0
end_of_record
